Using pre-set license
Built from '2020.3/staging' branch; Version is '2020.3.47f1 (5ef4f5b5e2d4) revision 6223093'; Using compiler version '192528614'; Build Type 'Release'
OS: 'Windows 10  (10.0.19045) 64bit Core' Language: 'en' Physical Memory: 32673 MB
BatchMode: 1, IsHumanControllingUs: 0, StartBugReporterOnCrash: 0, Is64bit: 1, IsPro: 0

COMMAND LINE ARGUMENTS:
C:\Program Files\Unity\Hub\Editor\2020.3.47f1\Editor\Unity.exe
-adb2
-batchMode
-noUpm
-name
AssetImportWorker0
-projectPath
C:/Users/Jim/xr-toy
-logFile
Logs/AssetImportWorker0.log
-srvPort
50814
Successfully changed project path to: C:/Users/Jim/xr-toy
C:/Users/Jim/xr-toy
Using Asset Import Pipeline V2.
Player connection [1252] Host "[IP] 137.165.127.26 [Port] 805523744 [Flags] 2 [Guid] 1325958445 [EditorId] 1325958445 [Version] 1048832 [Id] WindowsEditor(7,DESKTOP-QQGGUNU) [Debug] 1 [PackageName] WindowsEditor [ProjectName] Editor" joined multi-casting on [225.0.0.222:54997]...

Player connection [1252] Host "[IP] 137.165.127.26 [Port] 805523744 [Flags] 2 [Guid] 1325958445 [EditorId] 1325958445 [Version] 1048832 [Id] WindowsEditor(7,DESKTOP-QQGGUNU) [Debug] 1 [PackageName] WindowsEditor [ProjectName] Editor" joined alternative multi-casting on [225.0.0.222:34997]...

Refreshing native plugins compatible for Editor in 54.59 ms, found 12 plugins.
Preloading 1 native plugins for Editor in 0.63 ms.
Initialize engine version: 2020.3.47f1 (5ef4f5b5e2d4)
[Subsystems] Discovering subsystems at path C:/Program Files/Unity/Hub/Editor/2020.3.47f1/Editor/Data/Resources/UnitySubsystems
[Subsystems] Discovering subsystems at path C:/Users/Jim/xr-toy/Assets
GfxDevice: creating device client; threaded=0
Direct3D:
    Version:  Direct3D 11.0 [level 11.1]
    Renderer: NVIDIA GeForce RTX 3060 (ID=0x2487)
    Vendor:   
    VRAM:     12124 MB
    Driver:   31.0.15.3598
Initialize mono
Mono path[0] = 'C:/Program Files/Unity/Hub/Editor/2020.3.47f1/Editor/Data/Managed'
Mono path[1] = 'C:/Program Files/Unity/Hub/Editor/2020.3.47f1/Editor/Data/MonoBleedingEdge/lib/mono/unityjit'
Mono config path = 'C:/Program Files/Unity/Hub/Editor/2020.3.47f1/Editor/Data/MonoBleedingEdge/etc'
Using monoOptions --debugger-agent=transport=dt_socket,embedding=1,server=y,suspend=n,address=127.0.0.1:56164
Begin MonoManager ReloadAssembly
Registering precompiled unity dll's ...
Register platform support module: C:/Program Files/Unity/Hub/Editor/2020.3.47f1/Editor/Data/PlaybackEngines/WindowsStandaloneSupport/UnityEditor.WindowsStandalone.Extensions.dll
Registered in 0.001415 seconds.
Native extension for WindowsStandalone target not found
Refreshing native plugins compatible for Editor in 44.53 ms, found 12 plugins.
Preloading 1 native plugins for Editor in 0.06 ms.
Mono: successfully reloaded assembly
- Completed reload, in  0.378 seconds
Domain Reload Profiling:
	ReloadAssembly (378ms)
		BeginReloadAssembly (42ms)
			ExecutionOrderSort (0ms)
			DisableScriptedObjects (0ms)
			BackupInstance (0ms)
			ReleaseScriptingObjects (0ms)
			CreateAndSetChildDomain (0ms)
		EndReloadAssembly (290ms)
			LoadAssemblies (41ms)
			RebuildTransferFunctionScriptingTraits (0ms)
			SetupTypeCache (86ms)
			ReleaseScriptCaches (0ms)
			RebuildScriptCaches (17ms)
			SetupLoadedEditorAssemblies (121ms)
				LogAssemblyErrors (0ms)
				InitializePlatformSupportModulesInManaged (3ms)
				SetLoadedEditorAssemblies (0ms)
				RefreshPlugins (45ms)
				BeforeProcessingInitializeOnLoad (6ms)
				ProcessInitializeOnLoadAttributes (52ms)
				ProcessInitializeOnLoadMethodAttributes (17ms)
				AfterProcessingInitializeOnLoad (0ms)
				EditorAssembliesLoaded (0ms)
			ExecutionOrderSort2 (0ms)
			AwakeInstancesAfterBackupRestoration (0ms)
Platform modules already initialized, skipping
Registering precompiled user dll's ...
Registered in 0.004996 seconds.
Begin MonoManager ReloadAssembly
Native extension for WindowsStandalone target not found
Refreshing native plugins compatible for Editor in 43.87 ms, found 12 plugins.
Preloading 1 native plugins for Editor in 0.06 ms.
[XR] OculusXRPlugin: registering subsystems
[XR] Unable to register display lifecyle provider: [1]
[XR] Oculus Input lifecycle provider registered.
[XR] Unable to register input lifecyle provider: [1]
System.Reflection.TargetInvocationException: Exception has been thrown by the target of an invocation. ---> System.NullReferenceException: Object reference not set to an instance of an object
  at Unity.XR.Oculus.OculusLoader.AssetPathToAbsolutePath (System.String assetPath) [0x00048] in C:\Users\Jim\xr-toy\Library\PackageCache\com.unity.xr.oculus@1.13.1\Runtime\OculusLoader.cs:265 
  at Unity.XR.Oculus.OculusLoader.EditorLoadOVRPlugin () [0x0007b] in C:\Users\Jim\xr-toy\Library\PackageCache\com.unity.xr.oculus@1.13.1\Runtime\OculusLoader.cs:250 
  at (wrapper managed-to-native) System.Reflection.MonoMethod.InternalInvoke(System.Reflection.MonoMethod,object,object[],System.Exception&)
  at System.Reflection.MonoMethod.Invoke (System.Object obj, System.Reflection.BindingFlags invokeAttr, System.Reflection.Binder binder, System.Object[] parameters, System.Globalization.CultureInfo culture) [0x00032] in <695d1cc93cca45069c528c15c9fdd749>:0 
   --- End of inner exception stack trace ---
  at System.Reflection.MonoMethod.Invoke (System.Object obj, System.Reflection.BindingFlags invokeAttr, System.Reflection.Binder binder, System.Object[] parameters, System.Globalization.CultureInfo culture) [0x00048] in <695d1cc93cca45069c528c15c9fdd749>:0 
  at System.Reflection.MethodBase.Invoke (System.Object obj, System.Object[] parameters) [0x00000] in <695d1cc93cca45069c528c15c9fdd749>:0 
  at UnityEditor.EditorAssemblies.ProcessInitializeOnLoadMethodAttributes () [0x00047] in <3e401efa0ce4422582abd640a807e261>:0 
0x00007ff73b78a04c (Unity) StackWalker::GetCurrentCallstack
0x00007ff73b791539 (Unity) StackWalker::ShowCallstack
0x00007ff73c52c9bc (Unity) GetStacktrace
0x00007ff73cfaeb67 (Unity) DebugStringToFile
0x00007ff73b82fa0a (Unity) DebugLogHandler_CUSTOM_Internal_Log
0x000001bc812b711b (Mono JIT Code) (wrapper managed-to-native) UnityEngine.DebugLogHandler:Internal_Log (UnityEngine.LogType,UnityEngine.LogOption,string,UnityEngine.Object)
0x000001bc812b6f0b (Mono JIT Code) UnityEngine.DebugLogHandler:LogFormat (UnityEngine.LogType,UnityEngine.Object,string,object[])
0x000001bc812b0bd0 (Mono JIT Code) UnityEngine.Logger:Log (UnityEngine.LogType,object)
0x000001bc812b0a95 (Mono JIT Code) UnityEngine.Debug:LogError (object)
0x000001bc812ad5b3 (Mono JIT Code) UnityEditor.EditorAssemblies:ProcessInitializeOnLoadMethodAttributes ()
0x000001be76f8350d (Mono JIT Code) (wrapper runtime-invoke) object:runtime_invoke_void (object,intptr,intptr,intptr)
0x00007ffe1bc400e0 (mono-2.0-bdwgc) [mini-runtime.c:2849] mono_jit_runtime_invoke 
0x00007ffe1bbc2ac2 (mono-2.0-bdwgc) [object.c:2921] do_runtime_invoke 
0x00007ffe1bbcbb1f (mono-2.0-bdwgc) [object.c:2968] mono_runtime_invoke 
0x00007ff73b6ce994 (Unity) scripting_method_invoke
0x00007ff73b6c9a91 (Unity) ScriptingInvocation::Invoke
0x00007ff73b6c3845 (Unity) ScriptingInvocation::Invoke<void>
0x00007ff73a99545b (Unity) Scripting::UnityEditor::EditorAssembliesProxy::ProcessInitializeOnLoadMethodAttributes
0x00007ff73b6a1e83 (Unity) MonoManager::SetupLoadedEditorAssemblies
0x00007ff73b698d11 (Unity) MonoManager::EndReloadAssembly
0x00007ff73b69fe17 (Unity) MonoManager::ReloadAssembly
0x00007ff73c3d4eb1 (Unity) LoadDomainAndUserAssemblies
0x00007ff73c3d5530 (Unity) LoadUserAssemblies
0x00007ff73c0b2273 (Unity) Application::InitializeProject
0x00007ff73c536d52 (Unity) WinMain
0x00007ff73dc71f0e (Unity) __scrt_common_main_seh
0x00007ffeb8207614 (KERNEL32) BaseThreadInitThunk
0x00007ffeb86a26b1 (ntdll) RtlUserThreadStart

Mono: successfully reloaded assembly
- Completed reload, in  0.809 seconds
Domain Reload Profiling:
	ReloadAssembly (810ms)
		BeginReloadAssembly (92ms)
			ExecutionOrderSort (0ms)
			DisableScriptedObjects (3ms)
			BackupInstance (0ms)
			ReleaseScriptingObjects (0ms)
			CreateAndSetChildDomain (15ms)
		EndReloadAssembly (679ms)
			LoadAssemblies (68ms)
			RebuildTransferFunctionScriptingTraits (0ms)
			SetupTypeCache (155ms)
			ReleaseScriptCaches (1ms)
			RebuildScriptCaches (37ms)
			SetupLoadedEditorAssemblies (357ms)
				LogAssemblyErrors (0ms)
				InitializePlatformSupportModulesInManaged (2ms)
				SetLoadedEditorAssemblies (0ms)
				RefreshPlugins (44ms)
				BeforeProcessingInitializeOnLoad (59ms)
				ProcessInitializeOnLoadAttributes (99ms)
				ProcessInitializeOnLoadMethodAttributes (147ms)
				AfterProcessingInitializeOnLoad (4ms)
				EditorAssembliesLoaded (0ms)
			ExecutionOrderSort2 (0ms)
			AwakeInstancesAfterBackupRestoration (1ms)
Platform modules already initialized, skipping
========================================================================
Worker process is ready to serve import requests
Launched and connected shader compiler UnityShaderCompiler.exe after 0.03 seconds
Refreshing native plugins compatible for Editor in 1.65 ms, found 12 plugins.
Preloading 1 native plugins for Editor in 0.10 ms.
Unloading 3519 Unused Serialized files (Serialized files now loaded: 0)
System memory in use before: 177.1 MB.
System memory in use after: 177.4 MB.

Unloading 44 unused Assets to reduce memory usage. Loaded Objects now: 3985.
Total: 3.318000 ms (FindLiveObjects: 0.284600 ms CreateObjectMapping: 0.121100 ms MarkObjects: 2.831600 ms  DeleteObjects: 0.079800 ms)

AssetImportParameters requested are different than current active one (requested -> active):
  custom:framework-win-MediaFoundation: 216162199b28c13a410421893ffa2e32 -> 
  custom:video-decoder-ogg-theora: a1e56fd34408186e4bbccfd4996cb3dc -> 
  custom:container-muxer-webm: aa71ff27fc2769a1b78a27578f13a17b -> 
  custom:container-demuxer-webm: 4f35f7cbe854078d1ac9338744f61a02 -> 
  custom:container-demuxer-ogg: 62fdf1f143b41e24485cea50d1cbac27 -> 
  custom:video-encoder-webm-vp8: eb34c28f22e8b96e1ab97ce403110664 -> 
  custom:video-decoder-webm-vp8: 9c59270c3fd7afecdb556c50c9e8de78 -> 
  custom:audio-decoder-ogg-vorbis: bf7c407c2cedff20999df2af8eb42d56 -> 
  custom:audio-encoder-webm-vorbis: bf7c407c2cedff20999df2af8eb42d56 -> 
========================================================================
Received Import Request.
  path: Assets/Ours/Prefabs/snakecow.prefab
  artifactKey: Guid(30f52eae71dcc054289db76b5b97146a) Importer(815301076,1909f56bfc062723c751e8b465ee728b)
Start importing Assets/Ours/Prefabs/snakecow.prefab using Guid(30f52eae71dcc054289db76b5b97146a) Importer(815301076,1909f56bfc062723c751e8b465ee728b)  -> (artifact id: '2cc96c5dd35fc7ec25b124a2795ffaf5') in 0.048885 seconds 
========================================================================
Received Prepare
Registering precompiled user dll's ...
Registered in 0.004566 seconds.
Begin MonoManager ReloadAssembly
Native extension for WindowsStandalone target not found
Refreshing native plugins compatible for Editor in 0.94 ms, found 12 plugins.
Preloading 1 native plugins for Editor in 0.07 ms.
System.Reflection.TargetInvocationException: Exception has been thrown by the target of an invocation. ---> System.NullReferenceException: Object reference not set to an instance of an object
  at Unity.XR.Oculus.OculusLoader.AssetPathToAbsolutePath (System.String assetPath) [0x00048] in C:\Users\Jim\xr-toy\Library\PackageCache\com.unity.xr.oculus@1.13.1\Runtime\OculusLoader.cs:265 
  at Unity.XR.Oculus.OculusLoader.EditorLoadOVRPlugin () [0x0007b] in C:\Users\Jim\xr-toy\Library\PackageCache\com.unity.xr.oculus@1.13.1\Runtime\OculusLoader.cs:250 
  at (wrapper managed-to-native) System.Reflection.MonoMethod.InternalInvoke(System.Reflection.MonoMethod,object,object[],System.Exception&)
  at System.Reflection.MonoMethod.Invoke (System.Object obj, System.Reflection.BindingFlags invokeAttr, System.Reflection.Binder binder, System.Object[] parameters, System.Globalization.CultureInfo culture) [0x00032] in <695d1cc93cca45069c528c15c9fdd749>:0 
   --- End of inner exception stack trace ---
  at System.Reflection.MonoMethod.Invoke (System.Object obj, System.Reflection.BindingFlags invokeAttr, System.Reflection.Binder binder, System.Object[] parameters, System.Globalization.CultureInfo culture) [0x00048] in <695d1cc93cca45069c528c15c9fdd749>:0 
  at System.Reflection.MethodBase.Invoke (System.Object obj, System.Object[] parameters) [0x00000] in <695d1cc93cca45069c528c15c9fdd749>:0 
  at UnityEditor.EditorAssemblies.ProcessInitializeOnLoadMethodAttributes () [0x00047] in <3e401efa0ce4422582abd640a807e261>:0 
0x00007ff73b78a04c (Unity) StackWalker::GetCurrentCallstack
0x00007ff73b791539 (Unity) StackWalker::ShowCallstack
0x00007ff73c52c9bc (Unity) GetStacktrace
0x00007ff73cfaeb67 (Unity) DebugStringToFile
0x00007ff73b82fa0a (Unity) DebugLogHandler_CUSTOM_Internal_Log
0x000001be7ff5853b (Mono JIT Code) (wrapper managed-to-native) UnityEngine.DebugLogHandler:Internal_Log (UnityEngine.LogType,UnityEngine.LogOption,string,UnityEngine.Object)
0x000001be7ff5836b (Mono JIT Code) UnityEngine.DebugLogHandler:LogFormat (UnityEngine.LogType,UnityEngine.Object,string,object[])
0x000001be7ff54670 (Mono JIT Code) UnityEngine.Logger:Log (UnityEngine.LogType,object)
0x000001be7ff54535 (Mono JIT Code) UnityEngine.Debug:LogError (object)
0x000001be7ff51383 (Mono JIT Code) UnityEditor.EditorAssemblies:ProcessInitializeOnLoadMethodAttributes ()
0x000001bc812a3c2d (Mono JIT Code) (wrapper runtime-invoke) object:runtime_invoke_void (object,intptr,intptr,intptr)
0x00007ffe1bc400e0 (mono-2.0-bdwgc) [mini-runtime.c:2849] mono_jit_runtime_invoke 
0x00007ffe1bbc2ac2 (mono-2.0-bdwgc) [object.c:2921] do_runtime_invoke 
0x00007ffe1bbcbb1f (mono-2.0-bdwgc) [object.c:2968] mono_runtime_invoke 
0x00007ff73b6ce994 (Unity) scripting_method_invoke
0x00007ff73b6c9a91 (Unity) ScriptingInvocation::Invoke
0x00007ff73b6c3845 (Unity) ScriptingInvocation::Invoke<void>
0x00007ff73a99545b (Unity) Scripting::UnityEditor::EditorAssembliesProxy::ProcessInitializeOnLoadMethodAttributes
0x00007ff73b6a1e83 (Unity) MonoManager::SetupLoadedEditorAssemblies
0x00007ff73b698d11 (Unity) MonoManager::EndReloadAssembly
0x00007ff73b69fe17 (Unity) MonoManager::ReloadAssembly
0x00007ff73c3d4eb1 (Unity) LoadDomainAndUserAssemblies
0x00007ff73c3d5530 (Unity) LoadUserAssemblies
0x00007ff73c618548 (Unity) <lambda_cdc90be1cd3f929cae4009468e10a5ee>::operator()
0x00007ff73c6aa372 (Unity) asio::detail::completion_handler<core::mutable_function<void __cdecl(void)>,asio::io_context::basic_executor_type<std::allocator<void>,0> >::do_complete
0x00007ff73c696262 (Unity) asio::detail::win_iocp_io_context::do_one
0x00007ff73c6980e4 (Unity) asio::detail::win_iocp_io_context::run
0x00007ff73c6a86af (Unity) IOService::Run
0x00007ff73c641bfb (Unity) RunAssetImportWorkerClientV2
0x00007ff73c641c50 (Unity) RunAssetImporterV2
0x00007ff73c0b2278 (Unity) Application::InitializeProject
0x00007ff73c536d52 (Unity) WinMain
0x00007ff73dc71f0e (Unity) __scrt_common_main_seh
0x00007ffeb8207614 (KERNEL32) BaseThreadInitThunk
0x00007ffeb86a26b1 (ntdll) RtlUserThreadStart

Mono: successfully reloaded assembly
- Completed reload, in  0.624 seconds
Domain Reload Profiling:
	ReloadAssembly (624ms)
		BeginReloadAssembly (85ms)
			ExecutionOrderSort (0ms)
			DisableScriptedObjects (3ms)
			BackupInstance (0ms)
			ReleaseScriptingObjects (0ms)
			CreateAndSetChildDomain (24ms)
		EndReloadAssembly (500ms)
			LoadAssemblies (68ms)
			RebuildTransferFunctionScriptingTraits (0ms)
			SetupTypeCache (155ms)
			ReleaseScriptCaches (1ms)
			RebuildScriptCaches (23ms)
			SetupLoadedEditorAssemblies (180ms)
				LogAssemblyErrors (0ms)
				InitializePlatformSupportModulesInManaged (2ms)
				SetLoadedEditorAssemblies (0ms)
				RefreshPlugins (1ms)
				BeforeProcessingInitializeOnLoad (46ms)
				ProcessInitializeOnLoadAttributes (104ms)
				ProcessInitializeOnLoadMethodAttributes (22ms)
				AfterProcessingInitializeOnLoad (4ms)
				EditorAssembliesLoaded (0ms)
			ExecutionOrderSort2 (0ms)
			AwakeInstancesAfterBackupRestoration (4ms)
Platform modules already initialized, skipping
Switching build target platform(19) subTarget(0) extendedPlatform(0) -> platform(13) subTarget(524288) extendedPlatform(0)
Refreshing native plugins compatible for Editor in 0.95 ms, found 12 plugins.
Preloading 1 native plugins for Editor in 0.06 ms.
Unloading 3368 Unused Serialized files (Serialized files now loaded: 0)
System memory in use before: 165.8 MB.
System memory in use after: 166.1 MB.

Unloading 38 unused Assets to reduce memory usage. Loaded Objects now: 3990.
Total: 3.170600 ms (FindLiveObjects: 0.305900 ms CreateObjectMapping: 0.136800 ms MarkObjects: 2.700400 ms  DeleteObjects: 0.026900 ms)

AssetImportParameters requested are different than current active one (requested -> active):
  custom:framework-win-MediaFoundation: 216162199b28c13a410421893ffa2e32 -> 
  custom:video-decoder-ogg-theora: a1e56fd34408186e4bbccfd4996cb3dc -> 
  custom:container-muxer-webm: aa71ff27fc2769a1b78a27578f13a17b -> 
  custom:container-demuxer-webm: 4f35f7cbe854078d1ac9338744f61a02 -> 
  custom:container-demuxer-ogg: 62fdf1f143b41e24485cea50d1cbac27 -> 
  custom:video-encoder-webm-vp8: eb34c28f22e8b96e1ab97ce403110664 -> 
  custom:video-decoder-webm-vp8: 9c59270c3fd7afecdb556c50c9e8de78 -> 
  custom:graphics/normal-map-encoding: 01000000000000000000000000000000 -> 02000000000000000000000000000000
  custom:audio-decoder-ogg-vorbis: bf7c407c2cedff20999df2af8eb42d56 -> 
  custom:audio-encoder-webm-vorbis: bf7c407c2cedff20999df2af8eb42d56 -> 
